<?xml version="1.0" encoding="UTF-8"?>
<testsuite name="tests.Login.LoginMain" tests="9" skipped="0" failures="0" errors="0" timestamp="2023-11-27T19:57:35" hostname="LAPTOP-T0BF4PAI" time="8.246">
  <properties/>
  <testcase name="Check Login Page" classname="tests.Login.LoginMain" time="0.755"/>
  <testcase name="Authorization - Positive" classname="tests.Login.LoginMain" time="1.321"/>
  <testcase name="Authorization - Negative - Incorrect password &amp; correct email" classname="tests.Login.LoginMain" time="0.939"/>
  <testcase name="Authorization - Negative - Incorrect email &amp; correct password" classname="tests.Login.LoginMain" time="0.888"/>
  <testcase name="Authorization - Negative - Unexisting but valid email and password" classname="tests.Login.LoginMain" time="0.878"/>
  <testcase name="Authorization - Negative - Unexisting and invalid email and password" classname="tests.Login.LoginMain" time="0.878"/>
  <testcase name="Authorization - Negative - Empty email and password" classname="tests.Login.LoginMain" time="0.867"/>
  <testcase name="Authorization - Negative - Empty email and filled password" classname="tests.Login.LoginMain" time="0.856"/>
  <testcase name="Authorization - Negative - Filled email and empty password" classname="tests.Login.LoginMain" time="0.85"/>
  <system-out><![CDATA[updFirstUserData - {"email":"first@created.user","password":"Qwerty123","username":"First User","image":"https://api.realworld.io/images/smiley-cyrus.jpeg","bio":"123"}
requestHeader - [Origin, sec-ch-ua, sec-ch-ua-mobile, Accept, sec-ch-ua-platform, Referer, User-Agent, Content-Type]
requestBody - {"operationName":"login","variables":{"email":"first@created.user","password":"Qwerty123"},"query":"query login($email: String!, $password: String!) {\n  loginUser(user: {email: $email, password: $password}) {\n    email\n    token\n    username\n    image\n    bio\n    __typename\n  }\n}"}
responseHeader - [Keep-Alive, Access-Control-Allow-Origin, ETag, Connection, Content-Length, Date, X-Powered-By, Content-Type]
responseBody - {"data":{"loginUser":{"email":"first@created.user","token":"eyJhbGciOiJIUzI1NiIsInR5cCI6IkpXVCJ9.eyJlbWFpbCI6ImZpcnN0QGNyZWF0ZWQudXNlciIsImJpbyI6IjEyMyIsImltYWdlIjoiaHR0cHM6Ly9hcGkucmVhbHdvcmxkLmlvL2ltYWdlcy9zbWlsZXktY3lydXMuanBlZyIsInBhc3N3b3JkIjoiJDJiJDEwJHhLVGw1Z25obmE5ZVFCLkZPelhoeXU1cjlwd1hVdVpZTGVpNjZra1dRRXdMb3VmVjd0M21xIiwidXNlcm5hbWUiOiJGaXJzdCBVc2VyIiwiaWF0IjoxNzAxMTE1MDU2LCJleHAiOjE3MDExMTg2NTZ9.TiZm1apaotNq3J29NkaKuYzxqscoIpUHb_m1sIpBugM","username":"First User","image":"https://api.realworld.io/images/smiley-cyrus.jpeg","bio":"123","__typename":"LoginUserOutput"}}}

requestHeader - [Origin, sec-ch-ua, sec-ch-ua-mobile, Accept, sec-ch-ua-platform, Referer, User-Agent, Content-Type]
requestBody - {"operationName":"login","variables":{"email":"first@created.user","password":"Qwerty123a"},"query":"query login($email: String!, $password: String!) {\n  loginUser(user: {email: $email, password: $password}) {\n    email\n    token\n    username\n    image\n    bio\n    __typename\n  }\n}"}
responseHeader - [Keep-Alive, Access-Control-Allow-Origin, ETag, Connection, Content-Length, Date, X-Powered-By, Content-Type]
responseBody - {"errors":[{"message":"Incorrect Username or Password","extensions":{"code":"404","response":{"statusCode":404,"message":"Incorrect Username or Password","error":"Not Found"}}}],"data":null}

requestHeader - [Origin, sec-ch-ua, sec-ch-ua-mobile, Accept, sec-ch-ua-platform, Referer, User-Agent, Content-Type]
requestBody - {"operationName":"login","variables":{"email":"first@created.usera","password":"Qwerty123"},"query":"query login($email: String!, $password: String!) {\n  loginUser(user: {email: $email, password: $password}) {\n    email\n    token\n    username\n    image\n    bio\n    __typename\n  }\n}"}
responseHeader - [Keep-Alive, Access-Control-Allow-Origin, ETag, Connection, Content-Length, Date, X-Powered-By, Content-Type]
responseBody - {"errors":[{"message":"Incorrect Username or Password","extensions":{"code":"404","response":{"statusCode":404,"message":"Incorrect Username or Password","error":"Not Found"}}}],"data":null}

requestHeader - [Origin, sec-ch-ua, sec-ch-ua-mobile, Accept, sec-ch-ua-platform, Referer, User-Agent, Content-Type]
requestBody - {"operationName":"login","variables":{"email":"first@created.usera","password":"Qwerty123a"},"query":"query login($email: String!, $password: String!) {\n  loginUser(user: {email: $email, password: $password}) {\n    email\n    token\n    username\n    image\n    bio\n    __typename\n  }\n}"}
responseHeader - [Keep-Alive, Access-Control-Allow-Origin, ETag, Connection, Content-Length, Date, X-Powered-By, Content-Type]
responseBody - {"errors":[{"message":"Incorrect Username or Password","extensions":{"code":"404","response":{"statusCode":404,"message":"Incorrect Username or Password","error":"Not Found"}}}],"data":null}

requestHeader - [Origin, sec-ch-ua, sec-ch-ua-mobile, Accept, sec-ch-ua-platform, Referer, User-Agent, Content-Type]
requestBody - {"operationName":"login","variables":{"email":"a","password":"a"},"query":"query login($email: String!, $password: String!) {\n  loginUser(user: {email: $email, password: $password}) {\n    email\n    token\n    username\n    image\n    bio\n    __typename\n  }\n}"}
responseHeader - [Keep-Alive, Access-Control-Allow-Origin, ETag, Connection, Content-Length, Date, X-Powered-By, Content-Type]
responseBody - {"errors":[{"message":"Incorrect Username or Password","extensions":{"code":"404","response":{"statusCode":404,"message":"Incorrect Username or Password","error":"Not Found"}}}],"data":null}

requestHeader - [Origin, sec-ch-ua, sec-ch-ua-mobile, Accept, sec-ch-ua-platform, Referer, User-Agent, Content-Type]
requestBody - {"operationName":"login","variables":{"email":"","password":""},"query":"query login($email: String!, $password: String!) {\n  loginUser(user: {email: $email, password: $password}) {\n    email\n    token\n    username\n    image\n    bio\n    __typename\n  }\n}"}
responseHeader - [Keep-Alive, Access-Control-Allow-Origin, ETag, Connection, Content-Length, Date, X-Powered-By, Content-Type]
responseBody - {"errors":[{"message":"Incorrect Username or Password","extensions":{"code":"404","response":{"statusCode":404,"message":"Incorrect Username or Password","error":"Not Found"}}}],"data":null}

requestHeader - [Origin, sec-ch-ua, sec-ch-ua-mobile, Accept, sec-ch-ua-platform, Referer, User-Agent, Content-Type]
requestBody - {"operationName":"login","variables":{"email":"","password":"a"},"query":"query login($email: String!, $password: String!) {\n  loginUser(user: {email: $email, password: $password}) {\n    email\n    token\n    username\n    image\n    bio\n    __typename\n  }\n}"}
responseHeader - [Keep-Alive, Access-Control-Allow-Origin, ETag, Connection, Content-Length, Date, X-Powered-By, Content-Type]
responseBody - {"errors":[{"message":"Incorrect Username or Password","extensions":{"code":"404","response":{"statusCode":404,"message":"Incorrect Username or Password","error":"Not Found"}}}],"data":null}

requestHeader - [Origin, sec-ch-ua, sec-ch-ua-mobile, Accept, sec-ch-ua-platform, Referer, User-Agent, Content-Type]
requestBody - {"operationName":"login","variables":{"email":"a","password":""},"query":"query login($email: String!, $password: String!) {\n  loginUser(user: {email: $email, password: $password}) {\n    email\n    token\n    username\n    image\n    bio\n    __typename\n  }\n}"}
responseHeader - [Keep-Alive, Access-Control-Allow-Origin, ETag, Connection, Content-Length, Date, X-Powered-By, Content-Type]
responseBody - {"errors":[{"message":"Incorrect Username or Password","extensions":{"code":"404","response":{"statusCode":404,"message":"Incorrect Username or Password","error":"Not Found"}}}],"data":null}

]]></system-out>
  <system-err><![CDATA[]]></system-err>
</testsuite>
